<?xml version="1.0" encoding="UTF-8"?>
<!-- Generated by org.testng.reporters.JUnitReportReporter -->
<testsuite skipped="0" hostname="SAURABH-DESKTOP" name="com.tests.LoginTest" tests="2" failures="0" timestamp="19 Aug 2019 08:47:36 GMT" time="24.177" errors="0">
  <testcase name="verifyTitle" time="11.215" classname="com.tests.LoginTest"/>
  <testcase name="verifyLogo" time="12.962" classname="com.tests.LoginTest"/>
</testsuite> <!-- com.tests.LoginTest -->
